Arguments: 
  /usr/local/bin/node /Users/linzelong/.npm-global/bin/yarn tsc

PATH: 
  /usr/local/bin:/usr/bin:/bin:/usr/sbin:/sbin:/usr/local/share/dotnet:~/.dotnet/tools:/Library/Frameworks/Mono.framework/Versions/Current/Commands:/Users/linzelong/.npm-global/bin:/usr/local/mysql/bin:/usr/local/mongodb-macos-x86_64-4.4.1/bin

Yarn version: 
  1.22.11

Node version: 
  14.16.1

Platform: 
  darwin x64

Trace: 
  SyntaxError: /Users/linzelong/Desktop/utils2/package.json: Unexpected token } in JSON at position 181
      at JSON.parse (<anonymous>)
      at /Users/linzelong/.npm-global/lib/node_modules/yarn/lib/cli.js:1625:59
      at Generator.next (<anonymous>)
      at step (/Users/linzelong/.npm-global/lib/node_modules/yarn/lib/cli.js:310:30)
      at /Users/linzelong/.npm-global/lib/node_modules/yarn/lib/cli.js:321:13

npm manifest: 
  {
    "name": "utils2",
    "version": "1.0.0",
    "description": "",
    "main": "index.js",
    "scripts": {
      "test": "echo \"Error: no test specified\" && exit 1",
      "tsc": "tsc",
    },
    "author": "",
    "license": "ISC",
    "devDependencies": {
      "typescript": "^4.5.5"
    }
  }

yarn manifest: 
  No manifest

Lockfile: 
  # THIS IS AN AUTOGENERATED FILE. DO NOT EDIT THIS FILE DIRECTLY.
  # yarn lockfile v1
  
  
  typescript@^4.5.5:
    version "4.5.5"
    resolved "https://registry.yarnpkg.com/typescript/-/typescript-4.5.5.tgz#d8c953832d28924a9e3d37c73d729c846c5896f3"
    integrity sha512-TCTIul70LyWe6IJWT8QSYeA54WQe8EjQFU4wY52Fasj5UKx88LNYKCgBEHcOMOrFF1rKGbD8v/xcNWVUq9SymA==
